[35m[Appium][39m Welcome to Appium v1.22.3
[35m[Appium][39m Non-default server args:
[35m[Appium][39m   port: 55586
[35m[Appium][39m   tmpDir: C:\Users\trisn\AppData\Local\Temp\\Katalon\Appium\Temp1658015220510
[35m[Appium][39m   chromedriverPort: 55587
[35m[Appium][39m Deprecated server args:
[35m[Appium][39m   [31m--chromedriver-port[39m => --default-capabilities
[35m[Appium][39m Default capabilities, which will be added to each request unless overridden by desired capabilities:
[35m[Appium][39m   chromedriverPort: 55587
[35m[Appium][39m Appium REST http interface listener started on 0.0.0.0:55586
[35m[HTTP][39m [37m-->[39m [37mGET[39m [37m/wd/hub/status[39m
[35m[HTTP][39m [90m{}[39m
[debug] [35m[GENERIC][39m Calling AppiumDriver.getStatus() with args: []
[debug] [35m[GENERIC][39m Responding to client with driver.getStatus() result: {"build":{"version":"1.22.3"}}
[35m[HTTP][39m [37m<-- GET /wd/hub/status [39m[32m200[39m [90m10 ms - 68[39m
[35m[HTTP][39m [90m[39m
[35m[HTTP][39m [37m-->[39m [37mGET[39m [37m/wd/hub/status[39m
[35m[HTTP][39m [90m{}[39m
[debug] [35m[GENERIC][39m Calling AppiumDriver.getStatus() with args: []
[debug] [35m[GENERIC][39m Responding to client with driver.getStatus() result: {"build":{"version":"1.22.3"}}
[35m[HTTP][39m [37m<-- GET /wd/hub/status [39m[32m200[39m [90m2 ms - 68[39m
[35m[HTTP][39m [90m[39m
[35m[HTTP][39m [37m-->[39m [37mPOST[39m [37m/wd/hub/session[39m
[35m[HTTP][39m [90m{"desiredCapabilities":{"appPackage":"com.android.settings","deviceId":"","deviceName":"emulator-5554 (Android SDK built for x86 - Android 8.1.0)","platform":"ANDROID","appActivity":".Settings","newCommandTimeout":1800,"platformVersion":"8.1.0","automationName":"uiautomator2","autoGrantPermissions":true,"platformName":"Android","udid":"emulator-5554","systemPort":8252},"capabilities":{"firstMatch":[{"appium:appActivity":".Settings","appium:appPackage":"com.android.settings","appium:autoGrantPermissions":true,"appium:automationName":"uiautomator2","deviceId":"","appium:deviceName":"emulator-5554 (Android SDK built for x86 - Android 8.1.0)","appium:newCommandTimeout":1800,"platform":"ANDROID","platformName":"android","appium:platformVersion":"8.1.0","appium:systemPort":8252,"appium:udid":"emulator-5554"}]}}[39m
[debug] [35m[W3C][39m Calling AppiumDriver.createSession() with args: [{"appPackage":"com.android.settings","deviceId":"","deviceName":"emulator-5554 (Android SDK built for x86 - Android 8.1.0)","platform":"ANDROID","appActivity":".Settings","newCommandTimeout":1800,"platformVersion":"8.1.0","automationName":"uiautomator2","autoGrantPermissions":true,"platformName":"Android","udid":"emulator-5554","systemPort":8252},null,{"firstMatch":[{"appium:appActivity":".Settings","appium:appPackage":"com.android.settings","appium:autoGrantPermissions":true,"appium:automationName":"uiautomator2","deviceId":"","appium:deviceName":"emulator-5554 (Android SDK built for x86 - Android 8.1.0)","appium:newCommandTimeout":1800,"platform":"ANDROID","platformName":"android","appium:platformVersion":"8.1.0","appium:systemPort":8252,"appium:udid":"emulator-5554"}]}]
[debug] [35m[BaseDriver][39m Event 'newSessionRequested' logged at 1658015222265 (06:47:02 GMT+0700 (Western Indonesia Time))
[35m[BaseDriver][39m The following capabilities are not standard capabilities and should have an extension prefix:
[35m[BaseDriver][39m   deviceId
[35m[BaseDriver][39m   platform
[35m[BaseDriver][39m   chromedriverPort
[35m[Appium][39m Appium v1.22.3 creating new AndroidUiautomator2Driver (v1.70.1) session
[debug] [35m[BaseDriver][39m W3C capabilities and MJSONWP desired capabilities were provided
[debug] [35m[BaseDriver][39m Creating session with W3C capabilities: {
[debug] [35m[BaseDriver][39m   "alwaysMatch": {
[debug] [35m[BaseDriver][39m     "appium:deviceId": "",
[debug] [35m[BaseDriver][39m     "appium:platform": "ANDROID",
[debug] [35m[BaseDriver][39m     "platformName": "android",
[debug] [35m[BaseDriver][39m     "appium:chromedriverPort": 55587,
[debug] [35m[BaseDriver][39m     "appium:appActivity": ".Settings",
[debug] [35m[BaseDriver][39m     "appium:appPackage": "com.android.settings",
[debug] [35m[BaseDriver][39m     "appium:autoGrantPermissions": true,
[debug] [35m[BaseDriver][39m     "appium:automationName": "uiautomator2",
[debug] [35m[BaseDriver][39m     "appium:deviceName": "emulator-5554 (Android SDK built for x86 - Android 8.1.0)",
[debug] [35m[BaseDriver][39m     "appium:newCommandTimeout": 1800,
[debug] [35m[BaseDriver][39m     "appium:platformVersion": "8.1.0",
[debug] [35m[BaseDriver][39m     "appium:systemPort": 8252,
[debug] [35m[BaseDriver][39m     "appium:udid": "emulator-5554"
[debug] [35m[BaseDriver][39m   },
[debug] [35m[BaseDriver][39m   "firstMatch": [
[debug] [35m[BaseDriver][39m     {}
[debug] [35m[BaseDriver][39m   ]
[debug] [35m[BaseDriver][39m }
[35m[BaseDriver][39m The following capabilities were provided, but are not recognized by Appium:
[35m[BaseDriver][39m   deviceId
[35m[BaseDriver][39m   platform
[35m[BaseDriver][39m Session created with session id: ddbae62b-dffe-4e88-a0b7-f4c3b2d1023e
[35m[UiAutomator2][39m Starting 'com.android.settings' directly on the device
[35m[ADB][39m Found 2 'build-tools' folders under 'C:\Users\trisn\.android\avd' (newest first):
[35m[ADB][39m     C:/Users/trisn/.android/avd/build-tools/33.0.0
[35m[ADB][39m     C:/Users/trisn/.android/avd/build-tools/30.0.3
[35m[ADB][39m Using 'adb.exe' from 'C:\Users\trisn\.android\avd\platform-tools\adb.exe'
[debug] [35m[ADB][39m Running 'C:\Users\trisn\.android\avd\platform-tools\adb.exe -P 5037 start-server'
[35m[AndroidDriver][39m Retrieving device list
[debug] [35m[ADB][39m Trying to find a connected android device
[debug] [35m[ADB][39m Getting connected devices
[debug] [35m[ADB][39m Connected devices: [{"udid":"emulator-5554","state":"device"}]
[35m[AndroidDriver][39m Using device: emulator-5554
[35m[ADB][39m Using 'adb.exe' from 'C:\Users\trisn\.android\avd\platform-tools\adb.exe'
[debug] [35m[ADB][39m Running 'C:\Users\trisn\.android\avd\platform-tools\adb.exe -P 5037 start-server'
[debug] [35m[ADB][39m Setting device id to emulator-5554
[debug] [35m[ADB][39m Running 'C:\Users\trisn\.android\avd\platform-tools\adb.exe -P 5037 -s emulator-5554 shell getprop ro.build.version.sdk'
[debug] [35m[ADB][39m Current device property 'ro.build.version.sdk': 27
[debug] [35m[ADB][39m Device API level: 27
[35m[AndroidDriver][39m No app sent in, not parsing package/activity
[debug] [35m[ADB][39m Running 'C:\Users\trisn\.android\avd\platform-tools\adb.exe -P 5037 -s emulator-5554 wait-for-device'
[debug] [35m[ADB][39m Running 'C:\Users\trisn\.android\avd\platform-tools\adb.exe -P 5037 -s emulator-5554 shell echo ping'
[debug] [35m[AndroidDriver][39m Pushing settings apk to device...
[debug] [35m[ADB][39m Getting install status for io.appium.settings
[debug] [35m[ADB][39m Running 'C:\Users\trisn\.android\avd\platform-tools\adb.exe -P 5037 -s emulator-5554 shell dumpsys package io.appium.settings'
[debug] [35m[ADB][39m 'io.appium.settings' is installed
[debug] [35m[ADB][39m Getting package info for 'io.appium.settings'
[debug] [35m[ADB][39m Running 'C:\Users\trisn\.android\avd\platform-tools\adb.exe -P 5037 -s emulator-5554 shell dumpsys package io.appium.settings'
[debug] [35m[ADB][39m The version name of the installed 'io.appium.settings' is greater or equal to the application version name ('3.4.0' >= '3.4.0')
[debug] [35m[ADB][39m There is no need to install/upgrade 'C:\Users\trisn\AppData\Roaming\npm\node_modules\appium\node_modules\io.appium.settings\apks\settings_apk-debug.apk'
[debug] [35m[ADB][39m Getting IDs of all 'io.appium.settings' processes
[debug] [35m[ADB][39m Running 'C:\Users\trisn\.android\avd\platform-tools\adb.exe -P 5037 -s emulator-5554 shell 'pgrep --help; echo $?''
[debug] [35m[ADB][39m Running 'C:\Users\trisn\.android\avd\platform-tools\adb.exe -P 5037 -s emulator-5554 shell pgrep -f \(\[\[:blank:\]\]\|\^\)io\.appium\.settings\(\[\[:blank:\]\]\|\$\)'
[debug] [35m[AndroidDriver][39m io.appium.settings is already running. There is no need to reset its permissions.
[debug] [35m[Logcat][39m Starting logs capture with command: C:\\Users\\trisn\\.android\\avd\\platform-tools\\adb.exe -P 5037 -s emulator-5554 logcat -v threadtime
[debug] [35m[UiAutomator2][39m Forwarding UiAutomator2 Server port 6790 to local port 8252
[debug] [35m[ADB][39m Forwarding system: 8252 to device: 6790
[debug] [35m[ADB][39m Running 'C:\Users\trisn\.android\avd\platform-tools\adb.exe -P 5037 -s emulator-5554 forward tcp:8252 tcp:6790'
[debug] [35m[ADB][39m Getting install status for io.appium.uiautomator2.server
[debug] [35m[ADB][39m Running 'C:\Users\trisn\.android\avd\platform-tools\adb.exe -P 5037 -s emulator-5554 shell dumpsys package io.appium.uiautomator2.server'
[debug] [35m[ADB][39m 'io.appium.uiautomator2.server' is installed
[debug] [35m[ADB][39m Getting package info for 'io.appium.uiautomator2.server'
[debug] [35m[ADB][39m Running 'C:\Users\trisn\.android\avd\platform-tools\adb.exe -P 5037 -s emulator-5554 shell dumpsys package io.appium.uiautomator2.server'
[debug] [35m[ADB][39m The version name of the installed 'io.appium.uiautomator2.server' is greater or equal to the application version name ('4.27.0' >= '4.27.0')
[debug] [35m[UiAutomator2][39m io.appium.uiautomator2.server installation state: sameVersionInstalled
[debug] [35m[ADB][39m Checking app cert for C:\Users\trisn\AppData\Roaming\npm\node_modules\appium\node_modules\appium-uiautomator2-server\apks\appium-uiautomator2-server-v4.27.0.apk
[35m[ADB][39m Using 'apksigner.jar' from 'C:\Users\trisn\.android\avd\build-tools\33.0.0\lib\apksigner.jar'
[debug] [35m[ADB][39m Starting apksigner: C:\\Users\\trisn\\Downloads\\Katalon_Studio_Windows_64-8.3.5\\Katalon_Studio_Windows_64-8.3.5\\jre\\bin\\java.exe -Xmx1024M -Xss1m -jar C:\\Users\\trisn\\.android\\avd\\build-tools\\33.0.0\\lib\\apksigner.jar verify --print-certs C:\\Users\\trisn\\AppData\\Roaming\\npm\\node_modules\\appium\\node_modules\\appium-uiautomator2-server\\apks\\appium-uiautomator2-server-v4.27.0.apk
[debug] [35m[ADB][39m apksigner stdout: Signer #1 certificate DN: EMAILADDRESS=android@android.com, CN=Android, OU=Android, O=Android, L=Mountain View, ST=California, C=US
[debug] [35m[ADB][39m Signer #1 certificate SHA-256 digest: a40da80a59d170caa950cf15c18c454d47a39b26989d8b640ecd745ba71bf5dc
[debug] [35m[ADB][39m Signer #1 certificate SHA-1 digest: 61ed377e85d386a8dfee6b864bd85b0bfaa5af81
[debug] [35m[ADB][39m Signer #1 certificate MD5 digest: e89b158e4bcf988ebd09eb83f5378e87
[debug] [35m[ADB][39m 
[debug] [35m[ADB][39m sha256 hash did match for 'appium-uiautomator2-server-v4.27.0.apk'
[35m[ADB][39m 'C:\Users\trisn\AppData\Roaming\npm\node_modules\appium\node_modules\appium-uiautomator2-server\apks\appium-uiautomator2-server-v4.27.0.apk' is signed with the default certificate
[debug] [35m[ADB][39m Getting install status for io.appium.uiautomator2.server.test
[debug] [35m[ADB][39m Running 'C:\Users\trisn\.android\avd\platform-tools\adb.exe -P 5037 -s emulator-5554 shell dumpsys package io.appium.uiautomator2.server.test'
[debug] [35m[ADB][39m 'io.appium.uiautomator2.server.test' is installed
[debug] [35m[ADB][39m Checking app cert for C:\Users\trisn\AppData\Roaming\npm\node_modules\appium\node_modules\appium-uiautomator2-server\apks\appium-uiautomator2-server-debug-androidTest.apk
[debug] [35m[ADB][39m Starting apksigner: C:\\Users\\trisn\\Downloads\\Katalon_Studio_Windows_64-8.3.5\\Katalon_Studio_Windows_64-8.3.5\\jre\\bin\\java.exe -Xmx1024M -Xss1m -jar C:\\Users\\trisn\\.android\\avd\\build-tools\\33.0.0\\lib\\apksigner.jar verify --print-certs C:\\Users\\trisn\\AppData\\Roaming\\npm\\node_modules\\appium\\node_modules\\appium-uiautomator2-server\\apks\\appium-uiautomator2-server-debug-androidTest.apk
[debug] [35m[ADB][39m apksigner stdout: Signer #1 certificate DN: EMAILADDRESS=android@android.com, CN=Android, OU=Android, O=Android, L=Mountain View, ST=California, C=US
[debug] [35m[ADB][39m Signer #1 certificate SHA-256 digest: a40da80a59d170caa950cf15c18c454d47a39b26989d8b640ecd745ba71bf5dc
[debug] [35m[ADB][39m Signer #1 certificate SHA-1 digest: 61ed377e85d386a8dfee6b864bd85b0bfaa5af81
[debug] [35m[ADB][39m Signer #1 certificate MD5 digest: e89b158e4bcf988ebd09eb83f5378e87
[debug] [35m[ADB][39m 
[debug] [35m[ADB][39m sha256 hash did match for 'appium-uiautomator2-server-debug-androidTest.apk'
[35m[ADB][39m 'C:\Users\trisn\AppData\Roaming\npm\node_modules\appium\node_modules\appium-uiautomator2-server\apks\appium-uiautomator2-server-debug-androidTest.apk' is signed with the default certificate
[35m[UiAutomator2][39m Server packages are not going to be (re)installed
[debug] [35m[UiAutomator2][39m Waiting up to 30000ms for services to be available
[debug] [35m[ADB][39m Running 'C:\Users\trisn\.android\avd\platform-tools\adb.exe -P 5037 -s emulator-5554 shell pm list instrumentation'
[debug] [35m[UiAutomator2][39m Instrumentation target 'io.appium.uiautomator2.server.test/androidx.test.runner.AndroidJUnitRunner' is available
[35m[ADB][39m Adding packages ["io.appium.settings","io.appium.uiautomator2.server","io.appium.uiautomator2.server.test"] to Doze whitelist
[debug] [35m[ADB][39m Got the following command chunks to execute: [["dumpsys","deviceidle","whitelist","+io.appium.settings",";","dumpsys","deviceidle","whitelist","+io.appium.uiautomator2.server",";","dumpsys","deviceidle","whitelist","+io.appium.uiautomator2.server.test",";"]]
[debug] [35m[ADB][39m Running 'C:\Users\trisn\.android\avd\platform-tools\adb.exe -P 5037 -s emulator-5554 shell dumpsys deviceidle whitelist +io.appium.settings ; dumpsys deviceidle whitelist +io.appium.uiautomator2.server ; dumpsys deviceidle whitelist +io.appium.uiautomator2.server.test ;'
[debug] [35m[UiAutomator2][39m No app capability. Assuming it is already on the device
[debug] [35m[ADB][39m Getting install status for com.android.settings
[debug] [35m[ADB][39m Running 'C:\Users\trisn\.android\avd\platform-tools\adb.exe -P 5037 -s emulator-5554 shell dumpsys package com.android.settings'
[debug] [35m[ADB][39m 'com.android.settings' is installed
[debug] [35m[ADB][39m Running 'C:\Users\trisn\.android\avd\platform-tools\adb.exe -P 5037 -s emulator-5554 shell am force-stop com.android.settings'
[debug] [35m[ADB][39m Running 'C:\Users\trisn\.android\avd\platform-tools\adb.exe -P 5037 -s emulator-5554 shell pm clear com.android.settings'
[debug] [35m[ADB][39m Running 'C:\Users\trisn\.android\avd\platform-tools\adb.exe -P 5037 -s emulator-5554 shell dumpsys package com.android.settings'
[debug] [35m[ADB][39m Retrieving requested permissions
[debug] [35m[ADB][39m Retrieved 167 permissions from requested group
[debug] [35m[ADB][39m Retrieving granted permissions
[debug] [35m[ADB][39m Retrieved 99 permissions from install,runtime groups
[debug] [35m[ADB][39m Granting permissions ["android.launcher.permission.READ_SETTINGS","android.launcher.permission.WRITE_SETTINGS"] to 'com.android.settings'
[debug] [35m[ADB][39m Got the following command chunks to execute: [["pm","grant","com.android.settings","android.launcher.permission.READ_SETTINGS",";","pm","grant","com.android.settings","android.launcher.permission.WRITE_SETTINGS",";"]]
[debug] [35m[ADB][39m Running 'C:\Users\trisn\.android\avd\platform-tools\adb.exe -P 5037 -s emulator-5554 shell pm grant com.android.settings android.launcher.permission.READ_SETTINGS ; pm grant com.android.settings android.launcher.permission.WRITE_SETTINGS ;'
[debug] [35m[AndroidDriver][39m Performed fast reset on the installed 'com.android.settings' application (stop and clear)
[debug] [35m[UiAutomator2][39m Performing shallow cleanup of automation leftovers
[debug] [35m[UiAutomator2][39m No obsolete sessions have been detected (socket hang up)
[debug] [35m[ADB][39m Running 'C:\Users\trisn\.android\avd\platform-tools\adb.exe -P 5037 -s emulator-5554 shell am force-stop io.appium.uiautomator2.server.test'
[35m[UiAutomator2][39m Starting UIAutomator2 server 4.27.0
[35m[UiAutomator2][39m Using UIAutomator2 server from 'C:\Users\trisn\AppData\Roaming\npm\node_modules\appium\node_modules\appium-uiautomator2-server\apks\appium-uiautomator2-server-v4.27.0.apk' and test from 'C:\Users\trisn\AppData\Roaming\npm\node_modules\appium\node_modules\appium-uiautomator2-server\apks\appium-uiautomator2-server-debug-androidTest.apk'
[35m[UiAutomator2][39m Waiting up to 30000ms for UiAutomator2 to be online...
[debug] [35m[ADB][39m Creating ADB subprocess with args: ["-P",5037,"-s","emulator-5554","shell","am","instrument","-w","-e","disableAnalytics",true,"io.appium.uiautomator2.server.test/androidx.test.runner.AndroidJUnitRunner"]
[debug] [35m[WD Proxy][39m Matched '/status' to command name 'getStatus'
[debug] [35m[WD Proxy][39m Proxying [GET /status] to [GET http://127.0.0.1:8252/wd/hub/status] with no body
[35m[WD Proxy][39m socket hang up
[debug] [35m[Instrumentation][39m io.appium.uiautomator2.server.test.AppiumUiAutomator2Server:
[debug] [35m[WD Proxy][39m Matched '/status' to command name 'getStatus'
[debug] [35m[WD Proxy][39m Proxying [GET /status] to [GET http://127.0.0.1:8252/wd/hub/status] with no body
[35m[WD Proxy][39m socket hang up
[debug] [35m[WD Proxy][39m Matched '/status' to command name 'getStatus'
[debug] [35m[WD Proxy][39m Proxying [GET /status] to [GET http://127.0.0.1:8252/wd/hub/status] with no body
[35m[WD Proxy][39m socket hang up
[debug] [35m[WD Proxy][39m Matched '/status' to command name 'getStatus'
[debug] [35m[WD Proxy][39m Proxying [GET /status] to [GET http://127.0.0.1:8252/wd/hub/status] with no body
[debug] [35m[WD Proxy][39m Got response with status 200: {"sessionId":"None","value":{"message":"UiAutomator2 Server is ready to accept commands","ready":true}}
[debug] [35m[UiAutomator2][39m The initialization of the instrumentation process took 3154ms
[debug] [35m[WD Proxy][39m Matched '/session' to command name 'createSession'
[debug] [35m[WD Proxy][39m Proxying [POST /session] to [POST http://127.0.0.1:8252/wd/hub/session] with body: {"capabilities":{"firstMatch":[{"platform":"ANDROID","webStorageEnabled":false,"takesScreenshot":true,"javascriptEnabled":true,"databaseEnabled":false,"networkConnectionEnabled":true,"locationContextEnabled":false,"warnings":{},"desired":{"platformName":"android","deviceId":"","platform":"ANDROID","chromedriverPort":55587,"appActivity":".Settings","appPackage":"com.android.settings","autoGrantPermissions":true,"automationName":"uiautomator2","deviceName":"emulator-5554 (Android SDK built for x86 - Android 8.1.0)","newCommandTimeout":1800,"platformVersion":"8.1.0","systemPort":8252,"udid":"emulator-5554"},"platformName":"android","deviceId":"","chromedriverPort":55587,"appActivity":".Settings","appPackage":"com.android.settings","autoGrantPermissions":true,"automationName":"uiautomator2","deviceName":"emulator-5554","newCommandTimeout":1800,"platformVersion":"8.1.0","systemPort":8252,"udid":"emulator-5554","deviceUDID":"emulator-5554"}],"alwaysMatch":{}}}
[debug] [35m[WD Proxy][39m Got response with status 200: {"sessionId":"54f0c169-0072-486c-88d1-6dc4ba394e86","value":{"capabilities":{"firstMatch":[{"platform":"ANDROID","webStorageEnabled":false,"takesScreenshot":true,"javascriptEnabled":true,"databaseEnabled":false,"networkConnectionEnabled":true,"locationContextEnabled":false,"warnings":{},"desired":{"platformName":"android","deviceId":"","platform":"ANDROID","chromedriverPort":55587,"appActivity":".Settings","appPackage":"com.android.settings","autoGrantPermissions":true,"automationName":"uiautomator2","deviceName":"emulator-5554 (Android SDK built for x86 - Android 8.1.0)","newCommandTimeout":1800,"platformVersion":"8.1.0","systemPort":8252,"udid":"emulator-5554"},"platformName":"android","deviceId":"","chromedriverPort":55587,"appActivity":".Settings","appPackage":"com.android.settings","autoGrantPermissions":true,"automationName":"uiautomator2","deviceName":"emulator-5554","newCommandTimeout":1800,"platformVersion":"8.1.0","systemPort":8252,"udid":"emulator-5554","deviceUDID":"emulator-5554"}],"alwaysMatc...
[35m[WD Proxy][39m Determined the downstream protocol as 'W3C'
[debug] [35m[WD Proxy][39m Proxying [GET /appium/device/info] to [GET http://127.0.0.1:8252/wd/hub/session/54f0c169-0072-486c-88d1-6dc4ba394e86/appium/device/info] with no body
[debug] [35m[WD Proxy][39m Got response with status 200: {"sessionId":"54f0c169-0072-486c-88d1-6dc4ba394e86","value":{"androidId":"30c9a01ddc870e70","apiVersion":"27","bluetooth":null,"brand":"google","carrierName":"Android","displayDensity":440,"locale":"en_US","manufacturer":"Google","model":"Android SDK built for x86","networks":[{"capabilities":{"SSID":null,"linkDownBandwidthKbps":102400,"linkUpstreamBandwidthKbps":51200,"networkCapabilities":"NET_CAPABILITY_MMS,NET_CAPABILITY_SUPL,NET_CAPABILITY_DUN,NET_CAPABILITY_FOTA,NET_CAPABILITY_IMS,NET_CAPABILITY_CBS,NET_CAPABILITY_IA,NET_CAPABILITY_INTERNET,NET_CAPABILITY_NOT_RESTRICTED,NET_CAPABILITY_TRUSTED,NET_CAPABILITY_NOT_VPN,NET_CAPABILITY_VALIDATED","signalStrength":-2147483648,"transportTypes":"TRANSPORT_CELLULAR"},"detailedState":"CONNECTED","extraInfo":"epc.tmobile.com","isAvailable":true,"isConnected":true,"isFailover":false,"isRoaming":false,"state":"CONNECTED","subtype":13,"subtypeName":"LTE","type":0,"typeName":"MOBILE"},{"capabilities":{"SSID":null,"linkDownBandwidthKbps":1048576,"linkUpstreamBandwidt...
[debug] [35m[ADB][39m Running 'C:\Users\trisn\.android\avd\platform-tools\adb.exe -P 5037 -s emulator-5554 shell dumpsys window'
[35m[AndroidDriver][39m Screen already unlocked, doing nothing
[35m[UiAutomator2][39m Starting 'com.android.settings/.Settings and waiting for 'com.android.settings/.Settings'
[debug] [35m[ADB][39m Running 'C:\Users\trisn\.android\avd\platform-tools\adb.exe -P 5037 -s emulator-5554 shell am start -W -n com.android.settings/.Settings -S -a android.intent.action.MAIN -c android.intent.category.LAUNCHER -f 0x10200000'
[debug] [35m[WD Proxy][39m Proxying [GET /appium/device/pixel_ratio] to [GET http://127.0.0.1:8252/wd/hub/session/54f0c169-0072-486c-88d1-6dc4ba394e86/appium/device/pixel_ratio] with no body
[debug] [35m[WD Proxy][39m Got response with status 200: {"sessionId":"54f0c169-0072-486c-88d1-6dc4ba394e86","value":2.75}
[debug] [35m[WD Proxy][39m Matched '/appium/device/system_bars' to command name 'getSystemBars'
[debug] [35m[WD Proxy][39m Proxying [GET /appium/device/system_bars] to [GET http://127.0.0.1:8252/wd/hub/session/54f0c169-0072-486c-88d1-6dc4ba394e86/appium/device/system_bars] with no body
[debug] [35m[WD Proxy][39m Got response with status 200: {"sessionId":"54f0c169-0072-486c-88d1-6dc4ba394e86","value":{"statusBar":66}}
[debug] [35m[WD Proxy][39m Matched '/window/current/size' to command name 'getWindowSize'
[debug] [35m[WD Proxy][39m Proxying [GET /window/current/size] to [GET http://127.0.0.1:8252/wd/hub/session/54f0c169-0072-486c-88d1-6dc4ba394e86/window/current/size] with no body
[debug] [35m[WD Proxy][39m Got response with status 200: {"sessionId":"54f0c169-0072-486c-88d1-6dc4ba394e86","value":{"height":2208,"width":1080}}
[35m[Appium][39m New AndroidUiautomator2Driver session created successfully, session ddbae62b-dffe-4e88-a0b7-f4c3b2d1023e added to master session list
[debug] [35m[BaseDriver][39m Event 'newSessionStarted' logged at 1658015231299 (06:47:11 GMT+0700 (Western Indonesia Time))
[debug] [35m[W3C (ddbae62b)][39m Cached the protocol value 'W3C' for the new session ddbae62b-dffe-4e88-a0b7-f4c3b2d1023e
[debug] [35m[W3C (ddbae62b)][39m Responding to client with driver.createSession() result: {"capabilities":{"platform":"ANDROID","webStorageEnabled":false,"takesScreenshot":true,"javascriptEnabled":true,"databaseEnabled":false,"networkConnectionEnabled":true,"locationContextEnabled":false,"warnings":{},"desired":{"platformName":"android","deviceId":"","platform":"ANDROID","chromedriverPort":55587,"appActivity":".Settings","appPackage":"com.android.settings","autoGrantPermissions":true,"automationName":"uiautomator2","deviceName":"emulator-5554 (Android SDK built for x86 - Android 8.1.0)","newCommandTimeout":1800,"platformVersion":"8.1.0","systemPort":8252,"udid":"emulator-5554"},"platformName":"android","deviceId":"","chromedriverPort":55587,"appActivity":".Settings","appPackage":"com.android.settings","autoGrantPermissions":true,"automationName":"uiautomator2","deviceName":"emulator-5554","newCommandTimeout":1800,"platformVersion":"8.1.0","systemPort":8252,"udid":"emulator-5554","deviceUDID":"emulator-5554","deviceApiLevel":27,"deviceScreenSize":"1080x2340","deviceScreenDensity":440,"deviceMode...
[35m[HTTP][39m [37m<-- POST /wd/hub/session [39m[32m200[39m [90m9039 ms - 1243[39m
[35m[HTTP][39m [90m[39m
[35m[HTTP][39m [37m-->[39m [37mGET[39m [37m/wd/hub/session/ddbae62b-dffe-4e88-a0b7-f4c3b2d1023e[39m
[35m[HTTP][39m [90m{}[39m
[debug] [35m[W3C (ddbae62b)][39m Calling AppiumDriver.getSession() with args: ["ddbae62b-dffe-4e88-a0b7-f4c3b2d1023e"]
[debug] [35m[UiAutomator2][39m Getting session details from server to mix in
[debug] [35m[WD Proxy][39m Matched '/' to command name 'getSession'
[debug] [35m[WD Proxy][39m Proxying [GET /] to [GET http://127.0.0.1:8252/wd/hub/session/54f0c169-0072-486c-88d1-6dc4ba394e86] with no body
[debug] [35m[WD Proxy][39m Got response with status 200: {"sessionId":"54f0c169-0072-486c-88d1-6dc4ba394e86","value":{"lastScrollData":null}}
[debug] [35m[W3C (ddbae62b)][39m Responding to client with driver.getSession() result: {"platform":"ANDROID","webStorageEnabled":false,"takesScreenshot":true,"javascriptEnabled":true,"databaseEnabled":false,"networkConnectionEnabled":true,"locationContextEnabled":false,"warnings":{},"desired":{"platformName":"android","deviceId":"","platform":"ANDROID","chromedriverPort":55587,"appActivity":".Settings","appPackage":"com.android.settings","autoGrantPermissions":true,"automationName":"uiautomator2","deviceName":"emulator-5554 (Android SDK built for x86 - Android 8.1.0)","newCommandTimeout":1800,"platformVersion":"8.1.0","systemPort":8252,"udid":"emulator-5554"},"platformName":"android","deviceId":"","chromedriverPort":55587,"appActivity":".Settings","appPackage":"com.android.settings","autoGrantPermissions":true,"automationName":"uiautomator2","deviceName":"emulator-5554","newCommandTimeout":1800,"platformVersion":"8.1.0","systemPort":8252,"udid":"emulator-5554","deviceUDID":"emulator-5554","deviceApiLevel":27,"deviceScreenSize":"1080x2340","deviceScreenDensity":440,"deviceModel":"Android SDK ...
[35m[HTTP][39m [37m<-- GET /wd/hub/session/ddbae62b-dffe-4e88-a0b7-f4c3b2d1023e [39m[32m200[39m [90m13 ms - 1197[39m
[35m[HTTP][39m [90m[39m
[35m[HTTP][39m [37m-->[39m [37mGET[39m [37m/wd/hub/session/ddbae62b-dffe-4e88-a0b7-f4c3b2d1023e[39m
[35m[HTTP][39m [90m{}[39m
[debug] [35m[W3C (ddbae62b)][39m Calling AppiumDriver.getSession() with args: ["ddbae62b-dffe-4e88-a0b7-f4c3b2d1023e"]
[debug] [35m[UiAutomator2][39m Getting session details from server to mix in
[debug] [35m[WD Proxy][39m Matched '/' to command name 'getSession'
[debug] [35m[WD Proxy][39m Proxying [GET /] to [GET http://127.0.0.1:8252/wd/hub/session/54f0c169-0072-486c-88d1-6dc4ba394e86] with no body
[debug] [35m[WD Proxy][39m Got response with status 200: {"sessionId":"54f0c169-0072-486c-88d1-6dc4ba394e86","value":{"lastScrollData":null}}
[debug] [35m[W3C (ddbae62b)][39m Responding to client with driver.getSession() result: {"platform":"ANDROID","webStorageEnabled":false,"takesScreenshot":true,"javascriptEnabled":true,"databaseEnabled":false,"networkConnectionEnabled":true,"locationContextEnabled":false,"warnings":{},"desired":{"platformName":"android","deviceId":"","platform":"ANDROID","chromedriverPort":55587,"appActivity":".Settings","appPackage":"com.android.settings","autoGrantPermissions":true,"automationName":"uiautomator2","deviceName":"emulator-5554 (Android SDK built for x86 - Android 8.1.0)","newCommandTimeout":1800,"platformVersion":"8.1.0","systemPort":8252,"udid":"emulator-5554"},"platformName":"android","deviceId":"","chromedriverPort":55587,"appActivity":".Settings","appPackage":"com.android.settings","autoGrantPermissions":true,"automationName":"uiautomator2","deviceName":"emulator-5554","newCommandTimeout":1800,"platformVersion":"8.1.0","systemPort":8252,"udid":"emulator-5554","deviceUDID":"emulator-5554","deviceApiLevel":27,"deviceScreenSize":"1080x2340","deviceScreenDensity":440,"deviceModel":"Android SDK ...
[35m[HTTP][39m [37m<-- GET /wd/hub/session/ddbae62b-dffe-4e88-a0b7-f4c3b2d1023e [39m[32m200[39m [90m12 ms - 1197[39m
[35m[HTTP][39m [90m[39m
[35m[HTTP][39m [37m-->[39m [37mGET[39m [37m/wd/hub/status[39m
[35m[HTTP][39m [90m{}[39m
[debug] [35m[GENERIC][39m Calling AppiumDriver.getStatus() with args: []
[debug] [35m[GENERIC][39m Responding to client with driver.getStatus() result: {"build":{"version":"1.22.3"}}
[35m[HTTP][39m [37m<-- GET /wd/hub/status [39m[32m200[39m [90m1 ms - 68[39m
[35m[HTTP][39m [90m[39m
[35m[HTTP][39m [37m-->[39m [37mPOST[39m [37m/wd/hub/session/ddbae62b-dffe-4e88-a0b7-f4c3b2d1023e/timeouts[39m
[35m[HTTP][39m [90m{"implicit":60000}[39m
[debug] [35m[W3C (ddbae62b)][39m Calling AppiumDriver.timeouts() with args: [null,null,null,null,60000,"ddbae62b-dffe-4e88-a0b7-f4c3b2d1023e"]
[debug] [35m[BaseDriver][39m W3C timeout argument: {"implicit":60000}}
[debug] [35m[BaseDriver][39m Set implicit wait to 60000ms
[debug] [35m[W3C (ddbae62b)][39m Responding to client with driver.timeouts() result: null
[35m[HTTP][39m [37m<-- POST /wd/hub/session/ddbae62b-dffe-4e88-a0b7-f4c3b2d1023e/timeouts [39m[32m200[39m [90m5 ms - 14[39m
[35m[HTTP][39m [90m[39m
[35m[HTTP][39m [37m-->[39m [37mGET[39m [37m/wd/hub/session/ddbae62b-dffe-4e88-a0b7-f4c3b2d1023e/screenshot[39m
[35m[HTTP][39m [90m{}[39m
[debug] [35m[W3C (ddbae62b)][39m Calling AppiumDriver.getScreenshot() with args: ["ddbae62b-dffe-4e88-a0b7-f4c3b2d1023e"]
[debug] [35m[WD Proxy][39m Matched '/screenshot' to command name 'getScreenshot'
[debug] [35m[WD Proxy][39m Proxying [GET /screenshot] to [GET http://127.0.0.1:8252/wd/hub/session/54f0c169-0072-486c-88d1-6dc4ba394e86/screenshot] with no body
[debug] [35m[WD Proxy][39m Got response with status 200: {"sessionId":"54f0c169-0072-486c-88d1-6dc4ba394e86","value":"iVBORw0KGgoAAAANSUhEUgAABDgAAAkkCAYAAAD508+vAAAABHNCSVQICAgIfAhkiAAAIABJREFU\neJzs3VeQHOd5L/x/h8mzOWJ3gV1EIpEgGEAQoJgAWhQpUbJUOjqyJfFGdpUvzilX+btzueqr8oUv\nbN8cu1zfhWWXJVvHtCzKlsQsBjATJAIBLEBiF8DmHGZ3ZnZCp+9iwk7oSbsTtnf+PxZrMT0d3u7p\nmel+5nmfV7jy/71kgIiIiCqu6l+4QhW2UcWdqsbuEG05vFIvjB8ORBQn22RbrdtARERUN6p6r7KN\nAhy8f6G6xOBGcfgBQURxcpO7odZtICIiqisl37Ns5OK9Whf8m7kBK3FZ3sMQEdUZfvBTieRGt7fW\nbSAiIqorGw5wWP1Cz2zHSzgYVt99og3hiV8YM122L57/VCIZAj8RiIiIqknABq/HDVj7Ys9sx4vc\nHyvvNhFVGD8giChO5gcCERFR9W0oyGFgewQ5yj8rERFtN/wdnjZArHUDiIiI6tWGb+B50UdERNsd\no9y0ATLPHCIiotpJfAtv65hFYud4yUFEREQVxAwOIiIiqhwjx78LYCyEiKjObevIP1WKzBqjRERU\nr7bSV2DJN/RbqfGlsFC7GWSpHQudJkRUKfwgoA2QeeKQbhhYU8MYWZnF8NIkorpS1HJ2yYa9zT3Y\n1diJRoeHF4JEROVWTx+svB4hIiKiTRKC/3WVlxR1SoeB28tTuLowAkVTYBgGBEGAYRR3SgjC+pW3\nJEg43N6PA619kITiez7x5CMiyqGeghsJW+RLweoD1RAREdUrIfjfDHDUo6HlSVyevQXD0JMBjVzB\njWKnC4IAAQK+ddcjsIlSwTZY5cQz4pe6vNglInNV+HQoZRO1/nDd6OGoaLuLX3nqnPzcL16+I8zj\nSERE1SLXugFUXWE1itfvXEBY...
[debug] [35m[W3C (ddbae62b)][39m Responding to client with driver.getScreenshot() result: "iVBORw0KGgoAAAANSUhEUgAABDgAAAkkCAYAAAD508+vAAAABHNCSVQICAgIfAhkiAAAIABJREFU\neJzs3VeQHOd5L/x/h8mzOWJ3gV1EIpEgGEAQoJgAWhQpUbJUOjqyJfFGdpUvzilX+btzueqr8oUv\nbN8cu1zfhWWXJVvHtCzKlsQsBjATJAIBLEBiF8DmHGZ3ZnZCp+9iwk7oSbsTtnf+PxZrMT0d3u7p\nmel+5nmfV7jy/71kgIiIiCqu6l+4QhW2UcWdqsbuEG05vFIvjB8ORBQn22RbrdtARERUN6p6r7KN\nAhy8f6G6xOBGcfgBQURxcpO7odZtICIiqisl37Ns5OK9Whf8m7kBK3FZ3sMQEdUZfvBTieRGt7fW\nbSAiIqorGw5wWP1Cz2zHSzgYVt99og3hiV8YM122L57/VCIZAj8RiIiIqknABq/HDVj7Ys9sx4vc\nHyvvNhFVGD8giChO5gcCERFR9W0oyGFgewQ5yj8rERFtN/wdnjZArHUDiIiI6tWGb+B50UdERNsd\no9y0ATLPHCIiotpJfAtv65hFYud4yUFEREQVxAwOIiIiqhwjx78LYCyEiKjObevIP1WKzBqjRERU\nr7bSV2DJN/RbqfGlsFC7GWSpHQudJkRUKfwgoA2QeeKQbhhYU8MYWZnF8NIkorpS1HJ2yYa9zT3Y\n1diJRoeHF4JEROVWTx+svB4hIiKiTRKC/3WVlxR1SoeB28tTuLowAkVTYBgGBEGAYRR3SgjC+pW3\nJEg43N6PA619kITiez7x5CMiyqGeghsJW+RLweoD1RAREdUrIfjfDHDUo6HlSVyevQXD0JMBjVzB\njWKnC4IAAQK+ddcjsIlSwTZY5cQz4pe6vNglInNV+HQoZRO1/nDd6OGoaLuLX3nqnPzcL16+I8zj\nSERE1SLXugFUXWE1itfvXEBYjWQFLXJlcBQb9DAMAwYM3PZN4a7WneVvfBVohg5VU6EZBjRDgwGk\nBYAExL...
[35m[HTTP][39m [37m<-- GET /wd/hub/session/ddbae62b-dffe-4e88-a0b7-f4c3b2d1023e/screenshot [39m[32m200[39m [90m344 ms - 234892[39m
[35m[HTTP][39m [90m[39m
[35m[HTTP][39m [37m-->[39m [37mGET[39m [37m/wd/hub/session/ddbae62b-dffe-4e88-a0b7-f4c3b2d1023e/window/rect[39m
[35m[HTTP][39m [90m{}[39m
[debug] [35m[W3C (ddbae62b)][39m Calling AppiumDriver.getWindowRect() with args: ["ddbae62b-dffe-4e88-a0b7-f4c3b2d1023e"]
[debug] [35m[WD Proxy][39m Matched '/window/current/size' to command name 'getWindowSize'
[debug] [35m[WD Proxy][39m Proxying [GET /window/current/size] to [GET http://127.0.0.1:8252/wd/hub/session/54f0c169-0072-486c-88d1-6dc4ba394e86/window/current/size] with no body
[debug] [35m[WD Proxy][39m Got response with status 200: {"sessionId":"54f0c169-0072-486c-88d1-6dc4ba394e86","value":{"height":2208,"width":1080}}
[debug] [35m[W3C (ddbae62b)][39m Responding to client with driver.getWindowRect() result: {"width":1080,"height":2208,"x":0,"y":0}
[35m[HTTP][39m [37m<-- GET /wd/hub/session/ddbae62b-dffe-4e88-a0b7-f4c3b2d1023e/window/rect [39m[32m200[39m [90m25 ms - 50[39m
[35m[HTTP][39m [90m[39m
[35m[HTTP][39m [37m-->[39m [37mGET[39m [37m/wd/hub/session/ddbae62b-dffe-4e88-a0b7-f4c3b2d1023e/appium/device/system_bars[39m
[35m[HTTP][39m [90m{}[39m
[debug] [35m[W3C (ddbae62b)][39m Calling AppiumDriver.getSystemBars() with args: ["ddbae62b-dffe-4e88-a0b7-f4c3b2d1023e"]
[debug] [35m[ADB][39m Running 'C:\Users\trisn\.android\avd\platform-tools\adb.exe -P 5037 -s emulator-5554 shell dumpsys window windows'
[debug] [35m[W3C (ddbae62b)][39m Responding to client with driver.getSystemBars() result: {"statusBar":{"visible":true,"x":0,"y":0,"width":1080,"height":66},"navigationBar":{"visible":true,"x":0,"y":2208,"width":1080,"height":132}}
[35m[HTTP][39m [37m<-- GET /wd/hub/session/ddbae62b-dffe-4e88-a0b7-f4c3b2d1023e/appium/device/system_bars [39m[32m200[39m [90m51 ms - 151[39m
[35m[HTTP][39m [90m[39m
[35m[HTTP][39m [37m-->[39m [37mPOST[39m [37m/wd/hub/session/ddbae62b-dffe-4e88-a0b7-f4c3b2d1023e/appium/device/activate_app[39m
[35m[HTTP][39m [90m{"bundleId":"com.samsung.ecomm"}[39m
[debug] [35m[W3C (ddbae62b)][39m Calling AppiumDriver.activateApp() with args: ["com.samsung.ecomm",null,null,null,"ddbae62b-dffe-4e88-a0b7-f4c3b2d1023e"]
[debug] [35m[AndroidDriver][39m Activating 'com.samsung.ecomm' with 'adb shell monkey -p com.samsung.ecomm -c android.intent.category.LAUNCHER 1' command
[debug] [35m[ADB][39m Running 'C:\Users\trisn\.android\avd\platform-tools\adb.exe -P 5037 -s emulator-5554 shell monkey -p com.samsung.ecomm -c android.intent.category.LAUNCHER 1'
[debug] [35m[AndroidDriver][39m Command stdout: bash arg: -p
[debug] [35m[AndroidDriver][39m   bash arg: com.samsung.ecomm
[debug] [35m[AndroidDriver][39m   bash arg: -c
[debug] [35m[AndroidDriver][39m   bash arg: android.intent.category.LAUNCHER
[debug] [35m[AndroidDriver][39m   bash arg: 1
[debug] [35m[AndroidDriver][39m Events injected: 1
[debug] [35m[AndroidDriver][39m ## Network stats: elapsed time=11ms (0ms mobile, 0ms wifi, 11ms not connected)
[debug] [35m[W3C (ddbae62b)][39m Responding to client with driver.activateApp() result: null
[35m[HTTP][39m [37m<-- POST /wd/hub/session/ddbae62b-dffe-4e88-a0b7-f4c3b2d1023e/appium/device/activate_app [39m[32m200[39m [90m293 ms - 14[39m
[35m[HTTP][39m [90m[39m
[35m[HTTP][39m [37m-->[39m [37mGET[39m [37m/wd/hub/session/ddbae62b-dffe-4e88-a0b7-f4c3b2d1023e/source[39m
[35m[HTTP][39m [90m{}[39m
[35m[W3C (ddbae62b)][39m Driver proxy active, passing request on via HTTP proxy
[debug] [35m[WD Proxy][39m Matched '/wd/hub/session/ddbae62b-dffe-4e88-a0b7-f4c3b2d1023e/source' to command name 'getPageSource'
[debug] [35m[WD Proxy][39m Proxying [GET /wd/hub/session/ddbae62b-dffe-4e88-a0b7-f4c3b2d1023e/source] to [GET http://127.0.0.1:8252/wd/hub/session/54f0c169-0072-486c-88d1-6dc4ba394e86/source] with no body
[debug] [35m[WD Proxy][39m Got response with status 200: {"sessionId":"54f0c169-0072-486c-88d1-6dc4ba394e86","value":"<?xml version='1.0' encoding='UTF-8' standalone='yes' ?>\r\n<hierarchy index=\"0\" class=\"hierarchy\" rotation=\"0\" width=\"1080\" height=\"2208\">\r\n  <android.widget.FrameLayout index=\"0\" package=\"com.samsung.ecomm\" class=\"android.widget.FrameLayout\" text=\"\" checkable=\"false\" checked=\"false\" clickable=\"false\" enabled=\"true\" focusable=\"false\" focused=\"false\" long-clickable=\"false\" password=\"false\" scrollable=\"false\" selected=\"false\" bounds=\"[0,0][1080,2208]\" displayed=\"true\">\r\n    <android.widget.LinearLayout index=\"0\" package=\"com.samsung.ecomm\" class=\"android.widget.LinearLayout\" text=\"\" checkable=\"false\" checked=\"false\" clickable=\"false\" enabled=\"true\" focusable=\"false\" focused=\"false\" long-clickable=\"false\" password=\"false\" scrollable=\"false\" selected=\"false\" bounds=\"[0,0][1080,2208]\" displayed=\"true\">\r\n      <android.widget.FrameLayout index=\"0\" package=\"com.samsung.e...
[35m[WD Proxy][39m Replacing sessionId 54f0c169-0072-486c-88d1-6dc4ba394e86 with ddbae62b-dffe-4e88-a0b7-f4c3b2d1023e
[35m[HTTP][39m [37m<-- GET /wd/hub/session/ddbae62b-dffe-4e88-a0b7-f4c3b2d1023e/source [39m[32m200[39m [90m2534 ms - 7787[39m
[35m[HTTP][39m [90m[39m
[35m[HTTP][39m [37m-->[39m [37mGET[39m [37m/wd/hub/session/ddbae62b-dffe-4e88-a0b7-f4c3b2d1023e/screenshot[39m
[35m[HTTP][39m [90m{}[39m
[debug] [35m[W3C (ddbae62b)][39m Calling AppiumDriver.getScreenshot() with args: ["ddbae62b-dffe-4e88-a0b7-f4c3b2d1023e"]
[debug] [35m[WD Proxy][39m Matched '/screenshot' to command name 'getScreenshot'
[debug] [35m[WD Proxy][39m Proxying [GET /screenshot] to [GET http://127.0.0.1:8252/wd/hub/session/54f0c169-0072-486c-88d1-6dc4ba394e86/screenshot] with no body
[debug] [35m[WD Proxy][39m Got response with status 200: {"sessionId":"54f0c169-0072-486c-88d1-6dc4ba394e86","value":"iVBORw0KGgoAAAANSUhEUgAABDgAAAkkCAYAAAD508+vAAAABHNCSVQICAgIfAhkiAAAIABJREFU\neJzsvWnTZdd5nnettYczn3fobgAEAREEKYFkESy6QsdWRWXGlRKtRKbiin+Afpor3+jIcRRKlqmU\nBicizVCiGMmgQJDEQACNnt7udzrjntbKhzXstU83Y1dJTbKV51JB3X3O2dPamx+ee9/P/ShrrUUQ\nBEEQBEEQBEEQBOEZRv+8T0AQBEEQBEEQBEEQBOFviwgcgiAIgiAIgiAIgiA884jAIQiCIAiCIAiC\nIAjCM48IHIIgCIIgCIIgCIIgPPOIwCEIgiAIgiAIgiAIwjOPCByCIAiCIAiCIAiCIDzziMAhCIIg\nCIIgCIIgCMIzjwgcgiAIgiAIgiAIgiA884jAIQiCIAiCIAiCIAjCM48IHIIgCIIgCIIgCIIgPPOI\nwCEIgiAIgiAIgiAIwjOPCByCIAiCIAiCIAiCIDzziMAhCIIgCIIgCIIgCMIzjwgcgiAIgiAIgiAI\ngiA884jAIQiCIAiCIAiCIAjCM48IHIIgCIIgCIIgCIIgPPOIwCEIgiAIgiAIgiAIwjOPCByCIAiC\nIAiCIAiCIDzziMAhCIIgCIIgCIIgCMIzjwgcgiAIgiAIgiAIgiA884jAIQiCIAiCIAiCIAjCM48I\nHIIgCIIgCIIgCIIgPPOIwCEIgiAIgiAIgiAIwjOPCByCIAiCIAiCIAiCIDzziMAhCIIgCIIgCIIg\nCMIzjwgcgiAIgiAIgiAIgiA884jAIQiCIAiCIAiCIAjCM48IHIIgCIIgCIIgCIIgPPOIwCEIgiAI\ngiAIgiAIwjOPCByCIAiCIAiCIAiCIDzziMAhCIIgCIIgCIIgCMIzjwgcgiAIgiAIgiAIgiA884jA\nIQiCIAiCIAiCIAjCM0/+8z4B...
[debug] [35m[W3C (ddbae62b)][39m Responding to client with driver.getScreenshot() result: "iVBORw0KGgoAAAANSUhEUgAABDgAAAkkCAYAAAD508+vAAAABHNCSVQICAgIfAhkiAAAIABJREFU\neJzsvWnTZdd5nnettYczn3fobgAEAREEKYFkESy6QsdWRWXGlRKtRKbiin+Afpor3+jIcRRKlqmU\nBicizVCiGMmgQJDEQACNnt7udzrjntbKhzXstU83Y1dJTbKV51JB3X3O2dPamx+ee9/P/ShrrUUQ\nBEEQBEEQBEEQBOEZRv+8T0AQBEEQBEEQBEEQBOFviwgcgiAIgiAIgiAIgiA884jAIQiCIAiCIAiC\nIAjCM48IHIIgCIIgCIIgCIIgPPOIwCEIgiAIgiAIgiAIwjOPCByCIAiCIAiCIAiCIDzziMAhCIIg\nCIIgCIIgCMIzjwgcgiAIgiAIgiAIgiA884jAIQiCIAiCIAiCIAjCM48IHIIgCIIgCIIgCIIgPPOI\nwCEIgiAIgiAIgiAIwjOPCByCIAiCIAiCIAiCIDzziMAhCIIgCIIgCIIgCMIzjwgcgiAIgiAIgiAI\ngiA884jAIQiCIAiCIAiCIAjCM48IHIIgCIIgCIIgCIIgPPOIwCEIgiAIgiAIgiAIwjOPCByCIAiC\nIAiCIAiCIDzziMAhCIIgCIIgCIIgCMIzjwgcgiAIgiAIgiAIgiA884jAIQiCIAiCIAiCIAjCM48I\nHIIgCIIgCIIgCIIgPPOIwCEIgiAIgiAIgiAIwjOPCByCIAiCIAiCIAiCIDzziMAhCIIgCIIgCIIg\nCMIzjwgcgiAIgiAIgiAIgiA884jAIQiCIAiCIAiCIAjCM48IHIIgCIIgCIIgCIIgPPOIwCEIgiAI\ngiAIgiAIwjOPCByCIAiCIAiCIAiCIDzziMAhCIIgCIIgCIIgCMIzjwgcgiAIgiAIgiAIgiA884jA\nIQiCIAiCIAiCIAjCM0/+8z4BQRAEQRAEQRAE4e+eruuo6xpjDLvdjsvLS3a7HVVV8ej8nK7r2KzX\nALRtiz...
[35m[HTTP][39m [37m<-- GET /wd/hub/session/ddbae62b-dffe-4e88-a0b7-f4c3b2d1023e/screenshot [39m[32m200[39m [90m477 ms - 562944[39m
[35m[HTTP][39m [90m[39m
[35m[HTTP][39m [37m-->[39m [37mDELETE[39m [37m/wd/hub/session/ddbae62b-dffe-4e88-a0b7-f4c3b2d1023e[39m
[35m[HTTP][39m [90m{}[39m
[debug] [35m[W3C (ddbae62b)][39m Calling AppiumDriver.deleteSession() with args: ["ddbae62b-dffe-4e88-a0b7-f4c3b2d1023e"]
[debug] [35m[BaseDriver][39m Event 'quitSessionRequested' logged at 1658015245237 (06:47:25 GMT+0700 (Western Indonesia Time))
[35m[Appium][39m Removing session ddbae62b-dffe-4e88-a0b7-f4c3b2d1023e from our master session list
[debug] [35m[UiAutomator2][39m Deleting UiAutomator2 session
[debug] [35m[UiAutomator2][39m Deleting UiAutomator2 server session
[debug] [35m[WD Proxy][39m Matched '/' to command name 'deleteSession'
[debug] [35m[WD Proxy][39m Proxying [DELETE /] to [DELETE http://127.0.0.1:8252/wd/hub/session/54f0c169-0072-486c-88d1-6dc4ba394e86] with no body
[debug] [35m[WD Proxy][39m Got response with status 200: {"sessionId":"54f0c169-0072-486c-88d1-6dc4ba394e86","value":null}
[debug] [35m[ADB][39m Running 'C:\Users\trisn\.android\avd\platform-tools\adb.exe -P 5037 -s emulator-5554 shell am force-stop com.android.settings'
[debug] [35m[Logcat][39m Stopping logcat capture
[debug] [35m[ADB][39m Removing forwarded port socket connection: 8252 
[debug] [35m[ADB][39m Running 'C:\Users\trisn\.android\avd\platform-tools\adb.exe -P 5037 -s emulator-5554 forward --remove tcp:8252'
[debug] [35m[BaseDriver][39m Event 'quitSessionFinished' logged at 1658015245336 (06:47:25 GMT+0700 (Western Indonesia Time))
[debug] [35m[W3C (ddbae62b)][39m Received response: null
[debug] [35m[W3C (ddbae62b)][39m But deleting session, so not returning
[debug] [35m[W3C (ddbae62b)][39m Responding to client with driver.deleteSession() result: null
[35m[HTTP][39m [37m<-- DELETE /wd/hub/session/ddbae62b-dffe-4e88-a0b7-f4c3b2d1023e [39m[32m200[39m [90m101 ms - 14[39m
[35m[HTTP][39m [90m[39m
